<?xml version="1.0" encoding="UTF-8"?>
<!-- Generated by org.testng.reporters.JUnitXMLReporter -->
<testsuite ignored="0" hostname="dellcuatai" failures="0" tests="1" name="Command line test" time="2.788" errors="0" timestamp="2025-02-28T21:19:56 ICT">
  <testcase classname="authentication.LoginTest" name="@BeforeClass setup" time="2.709">
    <failure type="java.lang.ExceptionInInitializerError">
      <![CDATA[java.lang.ExceptionInInitializerError
at authentication.LoginTest.setup(LoginTest.java:19)
at java.base/java.util.ArrayList.forEach(ArrayList.java:1596)
Caused by: java.lang.RuntimeException: Không thể tải file config.properties
at config.ConfigReader.<clinit>(ConfigReader.java:19)
... 32 more
... Removed 30 stack frames]]>
    </failure>
  </testcase> <!-- @BeforeClass setup -->
  <testcase classname="authentication.LoginTest" name="@AfterClass tearDown" time="0.0">
    <skipped/>
  </testcase> <!-- @AfterClass tearDown -->
  <testcase classname="authentication.LoginTest" name="testLoginSuccess" time="0.0">
    <skipped/>
  </testcase> <!-- testLoginSuccess -->
</testsuite> <!-- Command line test -->
