<?xml version="1.0" encoding="UTF-8"?>
<testng-results ignored="0" total="11" passed="9" failed="2" skipped="0">
  <reporter-output>
  </reporter-output>
  <suite started-at="2025-03-16T09:53:18 ICT" name="Default suite" finished-at="2025-03-16T09:53:57 ICT" duration-ms="38991">
    <groups>
    </groups>
    <test started-at="2025-03-16T09:53:18 ICT" name="Default test" finished-at="2025-03-16T09:53:57 ICT" duration-ms="38991">
      <class name="TermManagementTest">
        <test-method is-config="true" signature="setup()[pri:0, instance:TermManagementTest@76a82f33]" started-at="2025-03-16T09:53:18 ICT" name="setup" finished-at="2025-03-16T09:53:21 ICT" duration-ms="3118" status="PASS">
          <reporter-output>
          </reporter-output>
        </test-method> <!-- setup -->
        <test-method signature="addMajorTest(java.lang.String,java.lang.String,java.lang.String,java.lang.String)[pri:0, instance:TermManagementTest@76a82f33]" started-at="2025-03-16T09:53:21 ICT" name="addMajorTest" data-provider="majorDataProviderExcel" finished-at="2025-03-16T09:53:44 ICT" duration-ms="23010" status="FAIL">
          <exception class="org.testng.internal.reflect.MethodMatcherException">
            <message>
              <![CDATA[
[public void TermManagementTest.addMajorTest(java.lang.String,java.lang.String,java.lang.String,java.lang.String)] has no parameters defined but was found to be using a data provider (either explicitly specified or inherited from class level annotation).
Data provider mismatch
Method: addMajorTest([java.lang.String arg0, java.lang.String arg1, java.lang.String arg2, java.lang.String arg3])
Arguments: [(java.lang.String) TRUE,(java.lang.String) FALSE,(java.util.Date) Sat Mar 16 00:00:00 ICT 2024,null]]]>
            </message>
            <full-stacktrace>
              <![CDATA[org.testng.internal.reflect.MethodMatcherException: 
[public void TermManagementTest.addMajorTest(java.lang.String,java.lang.String,java.lang.String,java.lang.String)] has no parameters defined but was found to be using a data provider (either explicitly specified or inherited from class level annotation).
Data provider mismatch
Method: addMajorTest([java.lang.String arg0, java.lang.String arg1, java.lang.String arg2, java.lang.String arg3])
Arguments: [(java.lang.String) TRUE,(java.lang.String) FALSE,(java.util.Date) Sat Mar 16 00:00:00 ICT 2024,null]
at org.testng.internal.reflect.DataProviderMethodMatcher.getConformingArguments(DataProviderMethodMatcher.java:46)
at org.testng.internal.Parameters.injectParameters(Parameters.java:909)
at org.testng.internal.invokers.MethodRunner.runInSequence(MethodRunner.java:37)
at org.testng.internal.invokers.TestInvoker$MethodInvocationAgent.invoke(TestInvoker.java:957)
at org.testng.internal.invokers.TestInvoker.invokeTestMethods(TestInvoker.java:200)
at org.testng.internal.invokers.TestMethodWorker.invokeTestMethods(TestMethodWorker.java:148)
at org.testng.internal.invokers.TestMethodWorker.run(TestMethodWorker.java:128)
at java.base/java.util.ArrayList.forEach(ArrayList.java:1596)
at org.testng.TestRunner.privateRun(TestRunner.java:848)
at org.testng.TestRunner.run(TestRunner.java:621)
at org.testng.SuiteRunner.runTest(SuiteRunner.java:443)
at org.testng.SuiteRunner.runSequentially(SuiteRunner.java:437)
at org.testng.SuiteRunner.privateRun(SuiteRunner.java:397)
at org.testng.SuiteRunner.run(SuiteRunner.java:336)
at org.testng.SuiteRunnerWorker.runSuite(SuiteRunnerWorker.java:52)
at org.testng.SuiteRunnerWorker.run(SuiteRunnerWorker.java:95)
at org.testng.TestNG.runSuitesSequentially(TestNG.java:1280)
at org.testng.TestNG.runSuitesLocally(TestNG.java:1200)
at org.testng.TestNG.runSuites(TestNG.java:1114)
at org.testng.TestNG.run(TestNG.java:1082)
at org.testng.remote.AbstractRemoteTestNG.run(AbstractRemoteTestNG.java:115)
at org.testng.remote.RemoteTestNG.initAndRun(RemoteTestNG.java:293)
at org.testng.remote.RemoteTestNG.main(RemoteTestNG.java:91)
]]>
            </full-stacktrace>
          </exception> <!-- org.testng.internal.reflect.MethodMatcherException -->
          <reporter-output>
          </reporter-output>
        </test-method> <!-- addMajorTest -->
        <test-method signature="addMajorTest(java.lang.String,java.lang.String,java.lang.String,java.lang.String)[pri:0, instance:TermManagementTest@76a82f33]" started-at="2025-03-16T09:53:22 ICT" name="addMajorTest" data-provider="majorDataProviderExcel" finished-at="2025-03-16T09:53:27 ICT" duration-ms="4765" status="PASS">
          <params>
            <param index="0">
              <value>
                <![CDATA[Facebook]]>
              </value>
            </param>
            <param index="1">
              <value>
                <![CDATA[Google]]>
              </value>
            </param>
            <param index="2">
              <value>
                <![CDATA[Zalo]]>
              </value>
            </param>
            <param index="3">
              <value>
                <![CDATA[Yahoo]]>
              </value>
            </param>
          </params>
          <reporter-output>
          </reporter-output>
        </test-method> <!-- addMajorTest -->
        <test-method signature="addMajorTest(java.lang.String,java.lang.String,java.lang.String,java.lang.String)[pri:0, instance:TermManagementTest@76a82f33]" started-at="2025-03-16T09:53:27 ICT" name="addMajorTest" data-provider="majorDataProviderExcel" finished-at="2025-03-16T09:53:28 ICT" duration-ms="1179" status="PASS">
          <params>
            <param index="0">
              <value>
                <![CDATA[Nhật Lâm]]>
              </value>
            </param>
            <param index="1">
              <value>
                <![CDATA[Hồng Tư]]>
              </value>
            </param>
            <param index="2">
              <value>
                <![CDATA[Xuân Hiếu]]>
              </value>
            </param>
            <param index="3">
              <value>
                <![CDATA[Thị Hiền]]>
              </value>
            </param>
          </params>
          <reporter-output>
          </reporter-output>
        </test-method> <!-- addMajorTest -->
        <test-method signature="addMajorTest(java.lang.String,java.lang.String,java.lang.String,java.lang.String)[pri:0, instance:TermManagementTest@76a82f33]" started-at="2025-03-16T09:53:28 ICT" name="addMajorTest" data-provider="majorDataProviderExcel" finished-at="2025-03-16T09:53:29 ICT" duration-ms="1180" status="PASS">
          <params>
            <param index="0">
              <value>
                <![CDATA[Công ty A]]>
              </value>
            </param>
            <param index="1">
              <value>
                <![CDATA[Công ty B]]>
              </value>
            </param>
            <param index="2">
              <value>
                <![CDATA[Công ty C]]>
              </value>
            </param>
            <param index="3">
              <value>
                <![CDATA[Công ty D]]>
              </value>
            </param>
          </params>
          <reporter-output>
          </reporter-output>
        </test-method> <!-- addMajorTest -->
        <test-method signature="addMajorTest(java.lang.String,java.lang.String,java.lang.String,java.lang.String)[pri:0, instance:TermManagementTest@76a82f33]" started-at="2025-03-16T09:53:29 ICT" name="addMajorTest" data-provider="majorDataProviderExcel" finished-at="2025-03-16T09:53:31 ICT" duration-ms="1758" status="PASS">
          <params>
            <param index="0">
              <value>
                <![CDATA[Quách Tĩnh]]>
              </value>
            </param>
            <param index="1">
              <value>
                <![CDATA[Hồng Thất Công]]>
              </value>
            </param>
            <param index="2">
              <value>
                <![CDATA[Hoàng Dung]]>
              </value>
            </param>
            <param index="3">
              <value>
                <![CDATA[Hoàng Dược Sư]]>
              </value>
            </param>
          </params>
          <reporter-output>
          </reporter-output>
        </test-method> <!-- addMajorTest -->
        <test-method signature="addMajorTest(java.lang.String,java.lang.String,java.lang.String,java.lang.String)[pri:0, instance:TermManagementTest@76a82f33]" started-at="2025-03-16T09:53:31 ICT" name="addMajorTest" data-provider="majorDataProviderExcel" finished-at="2025-03-16T09:53:32 ICT" duration-ms="1601" status="PASS">
          <params>
            <param index="0">
              <value>
                <![CDATA[ Google ]]>
              </value>
            </param>
            <param index="1">
              <value>
                <![CDATA[Công ty A]]>
              </value>
            </param>
            <param index="2">
              <value>
                <![CDATA[""]]>
              </value>
            </param>
            <param index="3">
              <value>
                <![CDATA[" "]]>
              </value>
            </param>
          </params>
          <reporter-output>
          </reporter-output>
        </test-method> <!-- addMajorTest -->
        <test-method signature="addMajorTest(java.lang.String,java.lang.String,java.lang.String,java.lang.String)[pri:0, instance:TermManagementTest@76a82f33]" started-at="2025-03-16T09:53:32 ICT" name="addMajorTest" data-provider="majorDataProviderExcel" finished-at="2025-03-16T09:53:34 ICT" duration-ms="1791" status="PASS">
          <params>
            <param index="0">
              <value>
                <![CDATA[@#$%^&*()]]>
              </value>
            </param>
            <param index="1">
              <value>
                <![CDATA["12345"]]>
              </value>
            </param>
            <param index="2">
              <value>
                <![CDATA[A1B2C3]]>
              </value>
            </param>
            <param index="3">
              <value>
                <![CDATA["Hoàng Dung"]]>
              </value>
            </param>
          </params>
          <reporter-output>
          </reporter-output>
        </test-method> <!-- addMajorTest -->
        <test-method signature="addMajorTest(java.lang.String,java.lang.String,java.lang.String,java.lang.String)[pri:0, instance:TermManagementTest@76a82f33]" started-at="2025-03-16T09:53:34 ICT" name="addMajorTest" data-provider="majorDataProviderExcel" finished-at="2025-03-16T09:53:44 ICT" duration-ms="9652" status="FAIL">
          <params>
            <param index="0">
              <value>
                <![CDATA[🚀🔥💯]]>
              </value>
            </param>
            <param index="1">
              <value>
                <![CDATA["A".repeat(300)]]>
              </value>
            </param>
            <param index="2">
              <value>
                <![CDATA[null]]>
              </value>
            </param>
            <param index="3">
              <value>
                <![CDATA["=A1&B1"]]>
              </value>
            </param>
          </params>
          <exception class="org.openqa.selenium.WebDriverException">
            <message>
              <![CDATA[unknown error: ChromeDriver only supports characters in the BMP
  (Session info: chrome=132.0.6834.83)
Build info: version: '4.19.1', revision: 'abe0ee07dc'
System info: os.name: 'Linux', os.arch: 'amd64', os.version: '6.11.0-19-generic', java.version: '21.0.6'
Driver info: org.openqa.selenium.chrome.ChromeDriver
Command: [f12bf7d340455e83b1ac4a7a76f05e5e, sendKeysToElement {value=[Ljava.lang.CharSequence;@35c344ce, id=f.C78667AFE04BCEEA5EDA8FE5373EC8E1.d.A4B3A5F1CF021C58E7AA1874C4DC82EA.e.997}]
Capabilities {acceptInsecureCerts: false, browserName: chrome, browserVersion: 132.0.6834.83, chrome: {chromedriverVersion: 132.0.6834.159 (2d77d3fc445..., userDataDir: /tmp/.org.chromium.Chromium...}, fedcm:accounts: true, goog:chromeOptions: {debuggerAddress: localhost:43529}, networkConnectionEnabled: false, pageLoadStrategy: normal, platformName: linux, proxy: Proxy(), se:cdp: ws://localhost:43529/devtoo..., se:cdpVersion: 132.0.6834.83, setWindowRect: true, strictFileInteractability: false, timeouts: {implicit: 0, pageLoad: 300000, script: 30000}, unhandledPromptBehavior: dismiss and notify, webauthn:extension:credBlob: true, webauthn:extension:largeBlob: true, webauthn:extension:minPinLength: true, webauthn:extension:prf: true, webauthn:virtualAuthenticators: true}
Element: [[ChromeDriver: chrome on linux (f12bf7d340455e83b1ac4a7a76f05e5e)] -> xpath: /html/body/div[3]/div[2]/form/div[1]/input]
Session ID: f12bf7d340455e83b1ac4a7a76f05e5e]]>
            </message>
            <full-stacktrace>
              <![CDATA[org.openqa.selenium.WebDriverException: unknown error: ChromeDriver only supports characters in the BMP
  (Session info: chrome=132.0.6834.83)
Build info: version: '4.19.1', revision: 'abe0ee07dc'
System info: os.name: 'Linux', os.arch: 'amd64', os.version: '6.11.0-19-generic', java.version: '21.0.6'
Driver info: org.openqa.selenium.chrome.ChromeDriver
Command: [f12bf7d340455e83b1ac4a7a76f05e5e, sendKeysToElement {value=[Ljava.lang.CharSequence;@35c344ce, id=f.C78667AFE04BCEEA5EDA8FE5373EC8E1.d.A4B3A5F1CF021C58E7AA1874C4DC82EA.e.997}]
Capabilities {acceptInsecureCerts: false, browserName: chrome, browserVersion: 132.0.6834.83, chrome: {chromedriverVersion: 132.0.6834.159 (2d77d3fc445..., userDataDir: /tmp/.org.chromium.Chromium...}, fedcm:accounts: true, goog:chromeOptions: {debuggerAddress: localhost:43529}, networkConnectionEnabled: false, pageLoadStrategy: normal, platformName: linux, proxy: Proxy(), se:cdp: ws://localhost:43529/devtoo..., se:cdpVersion: 132.0.6834.83, setWindowRect: true, strictFileInteractability: false, timeouts: {implicit: 0, pageLoad: 300000, script: 30000}, unhandledPromptBehavior: dismiss and notify, webauthn:extension:credBlob: true, webauthn:extension:largeBlob: true, webauthn:extension:minPinLength: true, webauthn:extension:prf: true, webauthn:virtualAuthenticators: true}
Element: [[ChromeDriver: chrome on linux (f12bf7d340455e83b1ac4a7a76f05e5e)] -> xpath: /html/body/div[3]/div[2]/form/div[1]/input]
Session ID: f12bf7d340455e83b1ac4a7a76f05e5e
at java.base/jdk.internal.reflect.DirectConstructorHandleAccessor.newInstance(DirectConstructorHandleAccessor.java:62)
at java.base/java.lang.reflect.Constructor.newInstanceWithCaller(Constructor.java:502)
at java.base/java.lang.reflect.Constructor.newInstance(Constructor.java:486)
at org.openqa.selenium.remote.ErrorCodec.decode(ErrorCodec.java:167)
at org.openqa.selenium.remote.codec.w3c.W3CHttpResponseCodec.decode(W3CHttpResponseCodec.java:138)
at org.openqa.selenium.remote.codec.w3c.W3CHttpResponseCodec.decode(W3CHttpResponseCodec.java:50)
at org.openqa.selenium.remote.HttpCommandExecutor.execute(HttpCommandExecutor.java:190)
at org.openqa.selenium.remote.service.DriverCommandExecutor.invokeExecute(DriverCommandExecutor.java:216)
at org.openqa.selenium.remote.service.DriverCommandExecutor.execute(DriverCommandExecutor.java:174)
at org.openqa.selenium.remote.RemoteWebDriver.execute(RemoteWebDriver.java:518)
at org.openqa.selenium.remote.RemoteWebElement.execute(RemoteWebElement.java:223)
at org.openqa.selenium.remote.RemoteWebElement.sendKeys(RemoteWebElement.java:110)
at pages.TermPage.enterMajorDetails(TermPage.java:128)
at TermManagementTest.addMajorTest(TermManagementTest.java:136)
at java.base/jdk.internal.reflect.DirectMethodHandleAccessor.invoke(DirectMethodHandleAccessor.java:103)
at java.base/java.lang.reflect.Method.invoke(Method.java:580)
at org.testng.internal.invokers.MethodInvocationHelper.invokeMethod(MethodInvocationHelper.java:139)
at org.testng.internal.invokers.TestInvoker.invokeMethod(TestInvoker.java:664)
at org.testng.internal.invokers.TestInvoker.invokeTestMethod(TestInvoker.java:227)
at org.testng.internal.invokers.MethodRunner.runInSequence(MethodRunner.java:50)
at org.testng.internal.invokers.TestInvoker$MethodInvocationAgent.invoke(TestInvoker.java:957)
at org.testng.internal.invokers.TestInvoker.invokeTestMethods(TestInvoker.java:200)
at org.testng.internal.invokers.TestMethodWorker.invokeTestMethods(TestMethodWorker.java:148)
at org.testng.internal.invokers.TestMethodWorker.run(TestMethodWorker.java:128)
at java.base/java.util.ArrayList.forEach(ArrayList.java:1596)
at org.testng.TestRunner.privateRun(TestRunner.java:848)
at org.testng.TestRunner.run(TestRunner.java:621)
at org.testng.SuiteRunner.runTest(SuiteRunner.java:443)
at org.testng.SuiteRunner.runSequentially(SuiteRunner.java:437)
at org.testng.SuiteRunner.privateRun(SuiteRunner.java:397)
at org.testng.SuiteRunner.run(SuiteRunner.java:336)
at org.testng.SuiteRunnerWorker.runSuite(SuiteRunnerWorker.java:52)
at org.testng.SuiteRunnerWorker.run(SuiteRunnerWorker.java:95)
at org.testng.TestNG.runSuitesSequentially(TestNG.java:1280)
at org.testng.TestNG.runSuitesLocally(TestNG.java:1200)
at org.testng.TestNG.runSuites(TestNG.java:1114)
at org.testng.TestNG.run(TestNG.java:1082)
at org.testng.remote.AbstractRemoteTestNG.run(AbstractRemoteTestNG.java:115)
at org.testng.remote.RemoteTestNG.initAndRun(RemoteTestNG.java:293)
at org.testng.remote.RemoteTestNG.main(RemoteTestNG.java:91)
]]>
            </full-stacktrace>
          </exception> <!-- org.openqa.selenium.WebDriverException -->
          <reporter-output>
          </reporter-output>
        </test-method> <!-- addMajorTest -->
        <test-method signature="deleteMajorTest()[pri:0, instance:TermManagementTest@76a82f33]" started-at="2025-03-16T09:53:44 ICT" name="deleteMajorTest" finished-at="2025-03-16T09:53:50 ICT" duration-ms="6136" status="PASS">
          <reporter-output>
          </reporter-output>
        </test-method> <!-- deleteMajorTest -->
        <test-method signature="getTermDataFromUI()[pri:0, instance:TermManagementTest@76a82f33]" started-at="2025-03-16T09:53:50 ICT" name="getTermDataFromUI" finished-at="2025-03-16T09:53:56 ICT" duration-ms="6502" status="PASS">
          <reporter-output>
          </reporter-output>
        </test-method> <!-- getTermDataFromUI -->
        <test-method signature="loginTest()[pri:0, instance:TermManagementTest@76a82f33]" started-at="2025-03-16T09:53:56 ICT" name="loginTest" finished-at="2025-03-16T09:53:56 ICT" duration-ms="83" status="PASS">
          <reporter-output>
          </reporter-output>
        </test-method> <!-- loginTest -->
        <test-method is-config="true" signature="tearDown()[pri:0, instance:TermManagementTest@76a82f33]" started-at="2025-03-16T09:53:56 ICT" name="tearDown" finished-at="2025-03-16T09:53:57 ICT" duration-ms="91" status="PASS">
          <reporter-output>
          </reporter-output>
        </test-method> <!-- tearDown -->
      </class> <!-- TermManagementTest -->
    </test> <!-- Default test -->
  </suite> <!-- Default suite -->
</testng-results>
